2025-03-06 02:12:24,377 - __main__ - INFO - Loading CalamanCy NLP model (tl_calamancy_md-0.2.0)...
/opt/homebrew/Caskroom/miniforge/base/lib/python3.12/site-packages/spacy/util.py:918: UserWarning: [W094] Model 'tl_calamancy_md' (0.2.0) specifies an under-constrained spaCy version requirement: >=3.8.3. This can lead to compatibility problems with older versions, or as new spaCy versions are released, because the model may say it's compatible when it's not. Consider changing the "spacy_version" in your meta.json to a version range, with a lower and upper pin. For example: >=3.8.4,<3.9.0
  warnings.warn(warn_msg)
/opt/homebrew/Caskroom/miniforge/base/lib/python3.12/site-packages/transformers/utils/generic.py:441: FutureWarning: `torch.utils._pytree._register_pytree_node` is deprecated. Please use `torch.utils._pytree.register_pytree_node` instead.
  _torch_pytree._register_pytree_node(
/opt/homebrew/Caskroom/miniforge/base/lib/python3.12/site-packages/transformers/utils/generic.py:309: FutureWarning: `torch.utils._pytree._register_pytree_node` is deprecated. Please use `torch.utils._pytree.register_pytree_node` instead.
  _torch_pytree._register_pytree_node(
2025-03-06 02:12:25,425 - __main__ - INFO - ✅ CalamanCy model loaded successfully!
2025-03-06 02:12:25,431 - __main__ - INFO - Using Python 3.12.5 | packaged by conda-forge | (main, Aug  8 2024, 18:32:50) [Clang 16.0.6 ]
2025-03-06 02:12:25,431 - __main__ - INFO - CalamanCy version: 0.2.2
2025-03-06 02:12:25,431 - __main__ - INFO - Model status: loaded
2025-03-06 02:12:25,431 - __main__ - INFO - Starting NLP API server on port 5000
NLP API server running at: http://localhost:5000
 * Serving Flask app 'app'
 * Debug mode: on
2025-03-06 02:12:25,463 - werkzeug - INFO - [31m[1mWARNING: This is a development server. Do not use it in a production deployment. Use a production WSGI server instead.[0m
 * Running on all addresses (0.0.0.0)
 * Running on http://127.0.0.1:5000
 * Running on http://192.168.1.72:5000
2025-03-06 02:12:25,463 - werkzeug - INFO - [33mPress CTRL+C to quit[0m
2025-03-06 02:12:25,464 - werkzeug - INFO - 127.0.0.1 - - [06/Mar/2025 02:12:25] "GET /health HTTP/1.1" 200 -
2025-03-06 02:13:32,137 - __main__ - INFO - Selected random easy sentence: 'Mabilis tumakbo ang bata.'
2025-03-06 02:13:32,217 - __main__ - INFO - CalamanCy tokens for 'Mabilis tumakbo ang bata.': [('Mabilis', 'VERB'), ('tumakbo', 'VERB'), ('ang', 'DET'), ('bata', 'NOUN'), ('.', 'PUNCT')]
2025-03-06 02:13:32,218 - __main__ - INFO - Generated 4 questions using CalamanCy
2025-03-06 02:13:32,218 - werkzeug - INFO - 127.0.0.1 - - [06/Mar/2025 02:13:32] "GET /api/pos-game?difficulty=easy HTTP/1.1" 200 -
/opt/homebrew/Caskroom/miniforge/base/lib/python3.12/multiprocessing/resource_tracker.py:254: UserWarning: resource_tracker: There appear to be 1 leaked semaphore objects to clean up at shutdown
  warnings.warn('resource_tracker: There appear to be %d '
